<?xml version="1.0" encoding="UTF-8"?>
<testsuite xmlns:xsi="http://www.w3.org/2001/XMLSchema-instance" xsi:noNamespaceSchemaLocation="https://maven.apache.org/surefire/maven-surefire-plugin/xsd/surefire-test-report.xsd" name="io.baselogic.springsecurity.web.controllers.EventsControllerTests" time="1.538" tests="13" errors="0" skipped="0" failures="0">
  <properties>
[...]
</properties>
  <testcase name="testShowEvent_user1" classname="io.baselogic.springsecurity.web.controllers.EventsControllerTests" time="0.323"/>
  <testcase name="showEventFormAutoPopulate" classname="io.baselogic.springsecurity.web.controllers.EventsControllerTests" time="0.193"/>
  <testcase name="createEvent_not_found_email" classname="io.baselogic.springsecurity.web.controllers.EventsControllerTests" time="0.15"/>
  <testcase name="showEventForm" classname="io.baselogic.springsecurity.web.controllers.EventsControllerTests" time="0.04"/>
  <testcase name="createEvent" classname="io.baselogic.springsecurity.web.controllers.EventsControllerTests" time="0.255"/>
  <testcase name="createEvent_null_email" classname="io.baselogic.springsecurity.web.controllers.EventsControllerTests" time="0.08"/>
  <testcase name="testCurrentUsersEventsPage_htmlUnit" classname="io.baselogic.springsecurity.web.controllers.EventsControllerTests" time="0.038"/>
  <testcase name="createEvent_null_description" classname="io.baselogic.springsecurity.web.controllers.EventsControllerTests" time="0.068"/>
  <testcase name="allEventsPage" classname="io.baselogic.springsecurity.web.controllers.EventsControllerTests" time="0.082"/>
  <testcase name="createEvent_null_summary" classname="io.baselogic.springsecurity.web.controllers.EventsControllerTests" time="0.102"/>
  <testcase name="showEventFormAutoPopulate_admin1" classname="io.baselogic.springsecurity.web.controllers.EventsControllerTests" time="0.07"/>
  <testcase name="createEvent_null_when" classname="io.baselogic.springsecurity.web.controllers.EventsControllerTests" time="0.073"/>
  <testcase name="testCurrentUsersEventsPage" classname="io.baselogic.springsecurity.web.controllers.EventsControllerTests" time="0.036"/>
</testsuite>